<?xml version="1.0" encoding="UTF-8"?>
<!-- Generated by org.testng.reporters.JUnitReportReporter -->
<testsuite skipped="0" hostname="LAPTOP-AG7PIIC7" name="com.testng.features.Timeout_Concept" tests="1" failures="0" timestamp="2022-01-27T12:03:13 IST" time="6.034" errors="0">
  <testcase name="demo" time="6.034" classname="com.testng.features.Timeout_Concept"/>
  <system-out/>
</testsuite> <!-- com.testng.features.Timeout_Concept -->
