<?xml version="1.0" encoding="UTF-8"?>
<!-- Generated by org.testng.reporters.JUnitReportReporter -->
<testsuite skipped="0" hostname="LAPTOP-AG7PIIC7" name="com.testng.features.ExpectedEception_Concept" tests="1" failures="0" timestamp="2022-01-28T18:55:48 IST" time="0.010" errors="0">
  <testcase name="demo" time="0.010" classname="com.testng.features.ExpectedEception_Concept"/>
  <system-out/>
</testsuite> <!-- com.testng.features.ExpectedEception_Concept -->
