<?xml version="1.0" encoding="UTF-8"?>
<!-- Generated by org.testng.reporters.JUnitReportReporter -->
<testsuite skipped="1" hostname="LAPTOP-AG7PIIC7" name="com.testng.features.Ignore_Method" tests="4" failures="0" timestamp="2022-01-27T11:38:14 IST" time="0.007" errors="0">
  <testcase name="carrot" time="0.005" classname="com.testng.features.Ignore_Method"/>
  <system-out/>
  <testcase name="potato" time="0.001" classname="com.testng.features.Ignore_Method"/>
  <system-out/>
  <testcase name="orange" time="0.001" classname="com.testng.features.Ignore_Method"/>
  <system-out/>
  <testcase name="apple" classname="com.testng.features.Ignore_Method">
    <skipped/>
  </testcase> <!-- apple -->
  <system-out/>
</testsuite> <!-- com.testng.features.Ignore_Method -->
