<?xml version="1.0" encoding="UTF-8"?>
<!-- Generated by org.testng.reporters.JUnitReportReporter -->
<testsuite skipped="0" hostname="LAPTOP-AG7PIIC7" name="com.testng.features.Dependancy_Concept" tests="2" failures="0" timestamp="2022-01-27T11:59:38 IST" time="0.009" errors="0">
  <testcase name="college" time="0.002" classname="com.testng.features.Dependancy_Concept"/>
  <system-out/>
  <testcase name="school" time="0.007" classname="com.testng.features.Dependancy_Concept"/>
  <system-out/>
</testsuite> <!-- com.testng.features.Dependancy_Concept -->
