<?xml version="1.0" encoding="UTF-8"?>
<!-- Generated by org.testng.reporters.JUnitReportReporter -->
<testsuite skipped="0" hostname="LAPTOP-AG7PIIC7" name="com.testng.features.Grouping_Concept" tests="5" failures="0" timestamp="2022-01-27T11:54:29 IST" time="0.015" errors="0">
  <testcase name="apple" time="0.008" classname="com.testng.features.Grouping_Concept"/>
  <system-out/>
  <testcase name="carrot" time="0.001" classname="com.testng.features.Grouping_Concept"/>
  <system-out/>
  <testcase name="potato" time="0.001" classname="com.testng.features.Grouping_Concept"/>
  <system-out/>
  <testcase name="tomato" time="0.004" classname="com.testng.features.Grouping_Concept"/>
  <system-out/>
  <testcase name="orange" time="0.001" classname="com.testng.features.Grouping_Concept"/>
  <system-out/>
</testsuite> <!-- com.testng.features.Grouping_Concept -->
