<?xml version="1.0" encoding="UTF-8"?>
<!-- Generated by org.testng.reporters.JUnitReportReporter -->
<testsuite skipped="0" hostname="LAPTOP-AG7PIIC7" name="com.testng.features.Simple_Annotations" tests="5" failures="0" timestamp="2022-01-26T21:31:59 IST" time="0.000" errors="0">
  <testcase name="men" time="0.000" classname="com.testng.features.Simple_Annotations"/>
  <system-out/>
  <testcase name="kids" time="0.000" classname="com.testng.features.Simple_Annotations"/>
  <system-out/>
  <testcase name="kids" time="0.000" classname="com.testng.features.Simple_Annotations"/>
  <system-out/>
  <testcase name="kids" time="0.000" classname="com.testng.features.Simple_Annotations"/>
  <system-out/>
  <testcase name="women" time="0.000" classname="com.testng.features.Simple_Annotations"/>
  <system-out/>
</testsuite> <!-- com.testng.features.Simple_Annotations -->
