<?xml version="1.0" encoding="UTF-8"?>
<!-- Generated by org.testng.reporters.JUnitReportReporter -->
<testsuite skipped="0" hostname="LAPTOP-AG7PIIC7" name="com.testng.features.Parameterized_Concept" tests="1" failures="0" timestamp="2022-01-28T18:46:40 IST" time="0.007" errors="0">
  <testcase name="credentials" time="0.007" classname="com.testng.features.Parameterized_Concept"/>
  <system-out/>
</testsuite> <!-- com.testng.features.Parameterized_Concept -->
